<?xml version="1.0" encoding="UTF-8"?>
<!-- Generated by org.testng.reporters.JUnitXMLReporter -->
<testsuite ignored="0" hostname="DESKTOP-O3V2NEI" failures="0" tests="3" name="Home page" time="27.569" errors="0" timestamp="17 Feb 2021 08:42:25 GMT">
  <testcase classname="Tests.HomePageTest" name="verifyTitle" time="4.028"/>
  <testcase classname="Tests.HomePageTest" name="doPostTest" time="3.047"/>
  <testcase classname="Tests.HomePageTest" name="verifyPostText" time="6.06"/>
</testsuite> <!-- Home page -->
